KiCAD-20190707-misc-heatplat
KiCAD-20190720-MDAC-POWER_BOARD-V1
KiCAD-20190720-MDAC-POWER_BOARD-V2-w-TPS65130QFN
KiCAD-20190912-MDAC-POWER_BOARD-V3-w-MC34063AD
KiCAD-20191022-usb2iis-g3
KiCAD-20191028-motor-controller-w-clock
KiCAD-20191105-battery-ledlight
KiCAD-20191126-motor-clock-v2
KiCAD-20191223-LPC1788
KiCAD-20191230-AAx4-LED-LIGHT
KiCAD-20200223-dframe
KiCAD-20200430-rcam-pcb-v01
KiCAD-20200430-rcam-pcb-v02
KiCAD-20200525-h3-card-v0.2
KiCAD-20200528-rcam-pcb-v03
KiCAD-20200529-rcam-pcb
KiCAD-20200604-f1c100s-card
KiCAD-20200604-NODE.APP.SMART-FRAME
KiCAD-20200605-h3-card
KiCAD-20200615-PI2-NAS-DOCK
KiCAD-20200630-f1c100s-card-v2
KiCAD-20200710-classd_sta339bw
KiCAD-20200812-STM32F107VC
KiCAD-20200823-STM32F407ZG
KiCAD-20200919-Shuttle_Light-Li_Battery_Powered_LED
KiCAD-20201004-STM32F446-PCM5102A
KiCAD-20201030-401RE-TDA1543
KiCAD-20201122-401RE-TAS5731
KiCAD-20201122-STA339BW-AMP-BOARD
KiCAD-20201201-ESP32
KiCAD-20201203-401RE-STM339BW(ADA-MODEL1)
KiCAD-20201231-F1C100S-SMART-PANEL
